<?xml version="1.0" encoding="UTF-8"?>
<robot generator="Robot 6.0.2 (Python 3.11.2 on win32)" generated="20230424 19:58:04.177" rpa="false" schemaversion="3">
<suite id="s1" name="1 Wikipedia" source="C:\Users\vdi-student\Desktop\Robot_dla_bab\1_wikipedia.robot">
<test id="s1-t1" name="My First Test" line="6">
<kw name="Open Browser" library="SeleniumLibrary">
<arg>https://pl.wikipedia.org</arg>
<arg>Chrome</arg>
<arg>executable_path=C:/chromedriver/chromedriver.exe</arg>
<doc>Opens a new browser instance to the optional ``url``.</doc>
<msg timestamp="20230424 19:58:04.438" level="INFO">Opening browser 'Chrome' to base url 'https://pl.wikipedia.org'.</msg>
<msg timestamp="20230424 19:58:04.438" level="INFO">Executing: C:\Users\vdi-student\AppData\Roaming\Python\Python311\site-packages\selenium\webdriver\common\windows\selenium-manager.exe --browser chrome --output json</msg>
<status status="PASS" starttime="20230424 19:58:04.433" endtime="20230424 19:58:06.652"/>
</kw>
<kw name="Click Element" library="SeleniumLibrary">
<arg>id:pt-login</arg>
<doc>Click the element identified by ``locator``.</doc>
<msg timestamp="20230424 19:58:06.657" level="INFO">Clicking element 'id:pt-login'.</msg>
<status status="PASS" starttime="20230424 19:58:06.656" endtime="20230424 19:58:07.245"/>
</kw>
<kw name="Input Text" library="SeleniumLibrary">
<arg>id:wpName1</arg>
<arg>RobotTests</arg>
<doc>Types the given ``text`` into the text field identified by ``locator``.</doc>
<msg timestamp="20230424 19:58:07.246" level="INFO">Typing text 'RobotTests' into text field 'id:wpName1'.</msg>
<status status="PASS" starttime="20230424 19:58:07.245" endtime="20230424 19:58:07.328"/>
</kw>
<kw name="Input Password" library="SeleniumLibrary">
<arg>id:wpPassword1</arg>
<arg>RobotFramework</arg>
<doc>Types the given password into the text field identified by ``locator``.</doc>
<msg timestamp="20230424 19:58:07.329" level="INFO">Typing password into text field 'id:wpPassword1'.</msg>
<msg timestamp="20230424 19:58:07.368" level="INFO">Temporally setting log level to: NONE</msg>
<msg timestamp="20230424 19:58:07.421" level="INFO">Log level changed from NONE to INFO.</msg>
<status status="PASS" starttime="20230424 19:58:07.328" endtime="20230424 19:58:07.421"/>
</kw>
<kw name="Select Checkbox" library="SeleniumLibrary">
<arg>id:wpRemember</arg>
<doc>Selects the checkbox identified by ``locator``.</doc>
<msg timestamp="20230424 19:58:07.422" level="INFO">Selecting checkbox 'id:wpRemember'.</msg>
<status status="PASS" starttime="20230424 19:58:07.421" endtime="20230424 19:58:07.502"/>
</kw>
<kw name="Click Button" library="SeleniumLibrary">
<arg>id:wpLoginAttempt</arg>
<doc>Clicks the button identified by ``locator``.</doc>
<msg timestamp="20230424 19:58:07.503" level="INFO">Clicking button 'id:wpLoginAttempt'.</msg>
<status status="PASS" starttime="20230424 19:58:07.502" endtime="20230424 19:58:12.463"/>
</kw>
<kw name="Input Text" library="SeleniumLibrary">
<arg>name:search</arg>
<arg>Teoria Wielkiego Podrywu</arg>
<doc>Types the given ``text`` into the text field identified by ``locator``.</doc>
<msg timestamp="20230424 19:58:12.464" level="INFO">Typing text 'Teoria Wielkiego Podrywu' into text field 'name:search'.</msg>
<status status="PASS" starttime="20230424 19:58:12.463" endtime="20230424 19:58:12.559"/>
</kw>
<kw name="Sleep" library="BuiltIn">
<arg>2</arg>
<doc>Pauses the test executed for the given time.</doc>
<msg timestamp="20230424 19:58:14.562" level="INFO">Slept 2 seconds</msg>
<status status="PASS" starttime="20230424 19:58:12.560" endtime="20230424 19:58:14.562"/>
</kw>
<kw name="Close Browser" library="SeleniumLibrary">
<doc>Closes the current browser.</doc>
<status status="PASS" starttime="20230424 19:58:14.562" endtime="20230424 19:58:16.684"/>
</kw>
<status status="PASS" starttime="20230424 19:58:04.433" endtime="20230424 19:58:16.684"/>
</test>
<status status="PASS" starttime="20230424 19:58:04.177" endtime="20230424 19:58:16.684"/>
</suite>
<statistics>
<total>
<stat pass="1" fail="0" skip="0">All Tests</stat>
</total>
<tag>
</tag>
<suite>
<stat pass="1" fail="0" skip="0" id="s1" name="1 Wikipedia">1 Wikipedia</stat>
</suite>
</statistics>
<errors>
</errors>
</robot>
